1530981068.339644 client started (4827): version 2.7, socket /tmp//tmux-1000/default, protocol 8
1530981068.339699 on Linux 4.17.3-1-ARCH #1 SMP PREEMPT Tue Jun 26 04:42:36 UTC 2018; libevent 2.1.8-stable (poll)
1530981068.339751 socket is /tmp//tmux-1000/default
1530981068.339772 trying connect
1530981068.340152 add peer 0x564e50068d40: 6 ((nil))
1530981068.340255 sending message 100 to peer 0x564e50068d40 (4 bytes)
1530981068.340276 sending message 101 to peer 0x564e50068d40 (16 bytes)
1530981068.340285 sending message 102 to peer 0x564e50068d40 (11 bytes)
1530981068.340294 sending message 108 to peer 0x564e50068d40 (73 bytes)
1530981068.340304 sending message 104 to peer 0x564e50068d40 (0 bytes)
1530981068.340314 sending message 107 to peer 0x564e50068d40 (4 bytes)
1530981068.340322 sending message 105 to peer 0x564e50068d40 (17 bytes)
1530981068.340330 sending message 105 to peer 0x564e50068d40 (11 bytes)
1530981068.340339 sending message 105 to peer 0x564e50068d40 (47 bytes)
1530981068.340347 sending message 105 to peer 0x564e50068d40 (12 bytes)
1530981068.340354 sending message 105 to peer 0x564e50068d40 (11 bytes)
1530981068.340362 sending message 105 to peer 0x564e50068d40 (54 bytes)
1530981068.340371 sending message 105 to peer 0x564e50068d40 (18 bytes)
1530981068.340391 sending message 105 to peer 0x564e50068d40 (13 bytes)
1530981068.340403 sending message 105 to peer 0x564e50068d40 (77 bytes)
1530981068.340411 sending message 105 to peer 0x564e50068d40 (19 bytes)
1530981068.340418 sending message 105 to peer 0x564e50068d40 (23 bytes)
1530981068.340425 sending message 105 to peer 0x564e50068d40 (36 bytes)
1530981068.340432 sending message 105 to peer 0x564e50068d40 (58 bytes)
1530981068.340440 sending message 105 to peer 0x564e50068d40 (29 bytes)
1530981068.340636 sending message 105 to peer 0x564e50068d40 (13 bytes)
1530981068.340653 sending message 105 to peer 0x564e50068d40 (21 bytes)
1530981068.340661 sending message 105 to peer 0x564e50068d40 (16 bytes)
1530981068.340668 sending message 105 to peer 0x564e50068d40 (19 bytes)
1530981068.340675 sending message 105 to peer 0x564e50068d40 (21 bytes)
1530981068.340683 sending message 105 to peer 0x564e50068d40 (13 bytes)
1530981068.340690 sending message 105 to peer 0x564e50068d40 (15 bytes)
1530981068.340697 sending message 105 to peer 0x564e50068d40 (8 bytes)
1530981068.340704 sending message 105 to peer 0x564e50068d40 (18 bytes)
1530981068.340719 sending message 105 to peer 0x564e50068d40 (16 bytes)
1530981068.340727 sending message 105 to peer 0x564e50068d40 (54 bytes)
1530981068.340734 sending message 105 to peer 0x564e50068d40 (31 bytes)
1530981068.340742 sending message 105 to peer 0x564e50068d40 (37 bytes)
1530981068.340750 sending message 105 to peer 0x564e50068d40 (367 bytes)
1530981068.340758 sending message 105 to peer 0x564e50068d40 (20 bytes)
1530981068.340765 sending message 105 to peer 0x564e50068d40 (16 bytes)
1530981068.340773 sending message 105 to peer 0x564e50068d40 (74 bytes)
1530981068.340780 sending message 106 to peer 0x564e50068d40 (0 bytes)
1530981068.340788 sending message 200 to peer 0x564e50068d40 (4 bytes)
1530981068.340795 client loop enter
1530981068.345482 peer 0x564e50068d40 message 211
1530981068.345514 client_write: sessions should be nested with care, unset $TMUX to force\n
1530981068.345541 peer 0x564e50068d40 message 203
1530981068.345554 client loop exit
